<?xml version="1.0" encoding="UTF-8"?>
<testng-results skipped="0" failed="0" ignored="0" total="4" passed="4">
  <reporter-output>
  </reporter-output>
  <suite name="Suite" duration-ms="26786" started-at="2022-11-01T10:54:37 IST" finished-at="2022-11-01T10:55:03 IST">
    <groups>
    </groups>
    <test name="Test" duration-ms="26786" started-at="2022-11-01T10:54:37 IST" finished-at="2022-11-01T10:55:03 IST">
      <class name="Test.TC003_AddToCart">
        <test-method status="PASS" signature="Launch()[pri:0, instance:Test.TC003_AddToCart@528931cf]" name="Launch" is-config="true" duration-ms="5050" started-at="2022-11-01T10:54:37 IST" finished-at="2022-11-01T10:54:42 IST">
          <reporter-output>
          </reporter-output>
        </test-method> <!-- Launch -->
        <test-method status="PASS" signature="setUp()[pri:0, instance:Test.TC003_AddToCart@528931cf]" name="setUp" is-config="true" duration-ms="821" started-at="2022-11-01T10:54:42 IST" finished-at="2022-11-01T10:54:42 IST">
          <reporter-output>
          </reporter-output>
        </test-method> <!-- setUp -->
        <test-method status="PASS" signature="VerifyAddtocart()[pri:0, instance:Test.TC003_AddToCart@528931cf]" name="VerifyAddtocart" duration-ms="300" started-at="2022-11-01T10:54:42 IST" finished-at="2022-11-01T10:54:43 IST">
          <reporter-output>
          </reporter-output>
        </test-method> <!-- VerifyAddtocart -->
        <test-method status="PASS" signature="verifyLogOut()[pri:0, instance:Test.TC003_AddToCart@528931cf]" name="verifyLogOut" is-config="true" duration-ms="133" started-at="2022-11-01T10:54:43 IST" finished-at="2022-11-01T10:54:43 IST">
          <reporter-output>
          </reporter-output>
        </test-method> <!-- verifyLogOut -->
        <test-method status="PASS" signature="tearDown()[pri:0, instance:Test.TC003_AddToCart@528931cf]" name="tearDown" is-config="true" duration-ms="16246" started-at="2022-11-01T10:54:43 IST" finished-at="2022-11-01T10:54:59 IST">
          <reporter-output>
          </reporter-output>
        </test-method> <!-- tearDown -->
      </class> <!-- Test.TC003_AddToCart -->
      <class name="Test.TC002_LogoutFunctionality">
        <test-method status="PASS" signature="Launch()[pri:0, instance:Test.TC002_LogoutFunctionality@5faeada1]" name="Launch" is-config="true" duration-ms="4514" started-at="2022-11-01T10:54:37 IST" finished-at="2022-11-01T10:54:41 IST">
          <reporter-output>
          </reporter-output>
        </test-method> <!-- Launch -->
        <test-method status="PASS" signature="setUp()[pri:0, instance:Test.TC002_LogoutFunctionality@5faeada1]" name="setUp" is-config="true" duration-ms="777" started-at="2022-11-01T10:54:41 IST" finished-at="2022-11-01T10:54:42 IST">
          <reporter-output>
          </reporter-output>
        </test-method> <!-- setUp -->
        <test-method status="PASS" signature="verifyLogout()[pri:0, instance:Test.TC002_LogoutFunctionality@5faeada1]" name="verifyLogout" duration-ms="464" started-at="2022-11-01T10:54:42 IST" finished-at="2022-11-01T10:54:42 IST">
          <reporter-output>
          </reporter-output>
        </test-method> <!-- verifyLogout -->
        <test-method status="FAIL" signature="verifyLogOut()[pri:0, instance:Test.TC002_LogoutFunctionality@5faeada1]" name="verifyLogOut" is-config="true" duration-ms="6948" started-at="2022-11-01T10:54:42 IST" finished-at="2022-11-01T10:54:49 IST">
          <exception class="org.openqa.selenium.NoSuchElementException">
            <message>
              <![CDATA[Unable to find element with locator By.xpath: //button[text()='Open Menu']
For documentation on this error, please visit: https://selenium.dev/exceptions/#no_such_element
Build info: version: '4.4.0', revision: 'e5c75ed026a'
System info: host: 'UJWAL', ip: '192.168.190.158', os.name: 'Windows 11', os.arch: 'amd64', os.version: '10.0', java.version: '1.8.0_333'
Driver info: driver.version: RemoteWebDriver]]>
            </message>
            <full-stacktrace>
              <![CDATA[org.openqa.selenium.NoSuchElementException: Unable to find element with locator By.xpath: //button[text()='Open Menu']
For documentation on this error, please visit: https://selenium.dev/exceptions/#no_such_element
Build info: version: '4.4.0', revision: 'e5c75ed026a'
System info: host: 'UJWAL', ip: '192.168.190.158', os.name: 'Windows 11', os.arch: 'amd64', os.version: '10.0', java.version: '1.8.0_333'
Driver info: driver.version: RemoteWebDriver
at org.openqa.selenium.remote.ElementLocation$ElementFinder$2.findElement(ElementLocation.java:165)
at org.openqa.selenium.remote.ElementLocation.findElement(ElementLocation.java:60)
at org.openqa.selenium.remote.RemoteWebDriver.findElement(RemoteWebDriver.java:365)
at org.openqa.selenium.remote.RemoteWebDriver.findElement(RemoteWebDriver.java:357)
at org.openqa.selenium.support.pagefactory.DefaultElementLocator.findElement(DefaultElementLocator.java:70)
at org.openqa.selenium.support.pagefactory.internal.LocatingElementHandler.invoke(LocatingElementHandler.java:39)
at com.sun.proxy.$Proxy16.click(Unknown Source)
at POM.POM2_LogOut.clickmenubutton(POM2_LogOut.java:17)
at Test.TestBase.verifyLogOut(TestBase.java:61)
at sun.reflect.NativeMethodAccessorImpl.invoke0(Native Method)
at sun.reflect.NativeMethodAccessorImpl.invoke(NativeMethodAccessorImpl.java:62)
at sun.reflect.DelegatingMethodAccessorImpl.invoke(DelegatingMethodAccessorImpl.java:43)
at java.lang.reflect.Method.invoke(Method.java:498)
at org.testng.internal.MethodInvocationHelper.invokeMethod(MethodInvocationHelper.java:133)
at org.testng.internal.MethodInvocationHelper.invokeMethodConsideringTimeout(MethodInvocationHelper.java:62)
at org.testng.internal.ConfigInvoker.invokeConfigurationMethod(ConfigInvoker.java:385)
at org.testng.internal.ConfigInvoker.invokeConfigurations(ConfigInvoker.java:321)
at org.testng.internal.TestInvoker.runConfigMethods(TestInvoker.java:700)
at org.testng.internal.TestInvoker.runAfterGroupsConfigurations(TestInvoker.java:676)
at org.testng.internal.TestInvoker.invokeMethod(TestInvoker.java:660)
at org.testng.internal.TestInvoker.invokeTestMethod(TestInvoker.java:173)
at org.testng.internal.MethodRunner.runInSequence(MethodRunner.java:46)
at org.testng.internal.TestInvoker$MethodInvocationAgent.invoke(TestInvoker.java:824)
at org.testng.internal.TestInvoker.invokeTestMethods(TestInvoker.java:146)
at org.testng.internal.TestMethodWorker.invokeTestMethods(TestMethodWorker.java:146)
at org.testng.internal.TestMethodWorker.run(TestMethodWorker.java:128)
at java.util.concurrent.ThreadPoolExecutor.runWorker(ThreadPoolExecutor.java:1149)
at java.util.concurrent.ThreadPoolExecutor$Worker.run(ThreadPoolExecutor.java:624)
at java.lang.Thread.run(Thread.java:750)
]]>
            </full-stacktrace>
          </exception> <!-- org.openqa.selenium.NoSuchElementException -->
          <reporter-output>
          </reporter-output>
        </test-method> <!-- verifyLogOut -->
        <test-method status="SKIP" signature="tearDown()[pri:0, instance:Test.TC002_LogoutFunctionality@5faeada1]" name="tearDown" is-config="true" duration-ms="-1667280289752" started-at="2022-11-01T10:54:49 IST" finished-at="1970-01-01T05:30:00 IST">
          <reporter-output>
          </reporter-output>
        </test-method> <!-- tearDown -->
      </class> <!-- Test.TC002_LogoutFunctionality -->
      <class name="Test.TC001_LoginFunctionality">
        <test-method status="PASS" signature="Launch()[pri:0, instance:Test.TC001_LoginFunctionality@4232c52b]" name="Launch" is-config="true" duration-ms="4510" started-at="2022-11-01T10:54:37 IST" finished-at="2022-11-01T10:54:41 IST">
          <reporter-output>
          </reporter-output>
        </test-method> <!-- Launch -->
        <test-method status="PASS" signature="setUp()[pri:0, instance:Test.TC001_LoginFunctionality@4232c52b]" name="setUp" is-config="true" duration-ms="763" started-at="2022-11-01T10:54:41 IST" finished-at="2022-11-01T10:54:42 IST">
          <reporter-output>
          </reporter-output>
        </test-method> <!-- setUp -->
        <test-method status="PASS" signature="verifylogin()[pri:0, instance:Test.TC001_LoginFunctionality@4232c52b]" name="verifylogin" duration-ms="40" started-at="2022-11-01T10:54:42 IST" finished-at="2022-11-01T10:54:42 IST">
          <reporter-output>
          </reporter-output>
        </test-method> <!-- verifylogin -->
        <test-method status="PASS" signature="verifyLogOut()[pri:0, instance:Test.TC001_LoginFunctionality@4232c52b]" name="verifyLogOut" is-config="true" duration-ms="356" started-at="2022-11-01T10:54:42 IST" finished-at="2022-11-01T10:54:42 IST">
          <reporter-output>
          </reporter-output>
        </test-method> <!-- verifyLogOut -->
        <test-method status="PASS" signature="tearDown()[pri:0, instance:Test.TC001_LoginFunctionality@4232c52b]" name="tearDown" is-config="true" duration-ms="155" started-at="2022-11-01T10:54:42 IST" finished-at="2022-11-01T10:54:42 IST">
          <reporter-output>
          </reporter-output>
        </test-method> <!-- tearDown -->
      </class> <!-- Test.TC001_LoginFunctionality -->
      <class name="Test.TC004_OrderPlaced">
        <test-method status="PASS" signature="Launch()[pri:0, instance:Test.TC004_OrderPlaced@ea1a8d5]" name="Launch" is-config="true" duration-ms="3338" started-at="2022-11-01T10:54:42 IST" finished-at="2022-11-01T10:54:46 IST">
          <reporter-output>
          </reporter-output>
        </test-method> <!-- Launch -->
        <test-method status="PASS" signature="setUp()[pri:0, instance:Test.TC004_OrderPlaced@ea1a8d5]" name="setUp" is-config="true" duration-ms="460" started-at="2022-11-01T10:54:46 IST" finished-at="2022-11-01T10:54:46 IST">
          <reporter-output>
          </reporter-output>
        </test-method> <!-- setUp -->
        <test-method status="PASS" signature="verifyOrderPlaced()[pri:0, instance:Test.TC004_OrderPlaced@ea1a8d5]" name="verifyOrderPlaced" duration-ms="701" started-at="2022-11-01T10:54:46 IST" finished-at="2022-11-01T10:54:47 IST">
          <reporter-output>
          </reporter-output>
        </test-method> <!-- verifyOrderPlaced -->
        <test-method status="PASS" signature="verifyLogOut()[pri:0, instance:Test.TC004_OrderPlaced@ea1a8d5]" name="verifyLogOut" is-config="true" duration-ms="156" started-at="2022-11-01T10:54:47 IST" finished-at="2022-11-01T10:54:47 IST">
          <reporter-output>
          </reporter-output>
        </test-method> <!-- verifyLogOut -->
        <test-method status="PASS" signature="tearDown()[pri:0, instance:Test.TC004_OrderPlaced@ea1a8d5]" name="tearDown" is-config="true" duration-ms="16241" started-at="2022-11-01T10:54:47 IST" finished-at="2022-11-01T10:55:03 IST">
          <reporter-output>
          </reporter-output>
        </test-method> <!-- tearDown -->
      </class> <!-- Test.TC004_OrderPlaced -->
    </test> <!-- Test -->
  </suite> <!-- Suite -->
</testng-results>
